<?xml version="1.0" encoding="UTF-8"?>
<!-- Generated by org.testng.reporters.JUnitXMLReporter -->
<testsuite ignored="0" hostname="DESKTOP-DMQONCG" failures="0" tests="3" name="Default test" time="18.98" errors="0" timestamp="2025-11-17T19:41:24 IST">
  <testcase classname="gettingStarted.SelfHealingTest" name="testLoginForUserFromAI" time="12.178"/>
  <testcase classname="gettingStarted.SelfHealingTest" name="testLogoff" time="0.001"/>
  <testcase classname="gettingStarted.SelfHealingTest" name="testSettings" time="0.003"/>
</testsuite> <!-- Default test -->
