<?xml version="1.0" encoding="UTF-8"?>
<testng-results ignored="0" total="3" passed="3" failed="0" skipped="0">
  <reporter-output>
  </reporter-output>
  <suite started-at="2025-11-17T19:41:05 IST" name="Default suite" finished-at="2025-11-17T19:41:24 IST" duration-ms="18980">
    <groups>
    </groups>
    <test started-at="2025-11-17T19:41:05 IST" name="Default test" finished-at="2025-11-17T19:41:24 IST" duration-ms="18980">
      <class name="gettingStarted.SelfHealingTest">
        <test-method is-config="true" signature="Setup()[pri:0, instance:gettingStarted.SelfHealingTest@4be29ed9]" started-at="2025-11-17T19:41:05 IST" name="Setup" finished-at="2025-11-17T19:41:12 IST" duration-ms="6738" status="PASS">
          <reporter-output>
          </reporter-output>
        </test-method> <!-- Setup -->
        <test-method signature="testLoginForUserFromAI()[pri:0, instance:gettingStarted.SelfHealingTest@4be29ed9]" started-at="2025-11-17T19:41:12 IST" name="testLoginForUserFromAI" finished-at="2025-11-17T19:41:24 IST" duration-ms="12178" status="PASS">
          <reporter-output>
          </reporter-output>
        </test-method> <!-- testLoginForUserFromAI -->
        <test-method signature="testLogoff()[pri:0, instance:gettingStarted.SelfHealingTest@4be29ed9]" started-at="2025-11-17T19:41:24 IST" name="testLogoff" finished-at="2025-11-17T19:41:24 IST" duration-ms="1" status="PASS">
          <reporter-output>
          </reporter-output>
        </test-method> <!-- testLogoff -->
        <test-method signature="testSettings()[pri:0, instance:gettingStarted.SelfHealingTest@4be29ed9]" started-at="2025-11-17T19:41:24 IST" name="testSettings" finished-at="2025-11-17T19:41:24 IST" duration-ms="3" status="PASS">
          <reporter-output>
          </reporter-output>
        </test-method> <!-- testSettings -->
      </class> <!-- gettingStarted.SelfHealingTest -->
    </test> <!-- Default test -->
  </suite> <!-- Default suite -->
</testng-results>
