<?xml version="1.0" encoding="UTF-8"?>
<!-- Generated by org.testng.reporters.JUnitReportReporter -->
<testsuite hostname="DESKTOP-DMQONCG" failures="0" tests="3" name="gettingStarted.SelfHealingTest" time="12.182" errors="0" timestamp="2025-11-17T19:41:24 IST" skipped="0">
  <testcase classname="gettingStarted.SelfHealingTest" name="testSettings" time="0.003"/>
  <testcase classname="gettingStarted.SelfHealingTest" name="testLoginForUserFromAI" time="12.178"/>
  <testcase classname="gettingStarted.SelfHealingTest" name="testLogoff" time="0.001"/>
</testsuite> <!-- gettingStarted.SelfHealingTest -->
